#
# There is insufficient memory for the Java Runtime Environment to continue.
# Native memory allocation (mmap) failed to map 134217728 bytes for G1 virtual space
# Possible reasons:
#   The system is out of physical RAM or swap space
#   The process is running with CompressedOops enabled, and the Java Heap may be blocking the growth of the native heap
# Possible solutions:
#   Reduce memory load on the system
#   Increase physical memory or swap space
#   Check if swap backing store is full
#   Decrease Java heap size (-Xmx/-Xms)
#   Decrease number of Java threads
#   Decrease Java thread stack sizes (-Xss)
#   Set larger code cache with -XX:ReservedCodeCacheSize=
#   JVM is running with Unscaled Compressed Oops mode in which the Java heap is
#     placed in the first 4GB address space. The Java Heap base address is the
#     maximum limit for the native heap growth. Please use -XX:HeapBaseMinAddress
#     to set the Java Heap base and to place the Java Heap above 4GB virtual address.
# This output file may be truncated or incomplete.
#
#  Out of Memory Error (os_windows.cpp:3613), pid=6084, tid=12988
#
# JRE version:  (17.0.10+7) (build )
# Java VM: OpenJDK 64-Bit Server VM (17.0.10+7, mixed mode, emulated-client, sharing, tiered, compressed oops, compressed class ptrs, g1 gc, windows-amd64)
# No core dump will be written. Minidumps are not enabled by default on client versions of Windows
#

---------------  S U M M A R Y ------------

Command Line: -Dcom.sun.management.jmxremote -Dcom.sun.management.jmxremote.port=53959 -Dcom.sun.management.jmxremote.authenticate=false -Dcom.sun.management.jmxremote.ssl=false -Djava.rmi.server.hostname=localhost -Dspring.jmx.enabled=true -Dmanagement.endpoints.jmx.exposure.include=* -Dspring.application.admin.enabled=true -XX:TieredStopAtLevel=1 -Dspring.boot.project.name=Resume_Maker -Dfile.encoding=UTF-8 -Dstdout.encoding=UTF-8 -Dstderr.encoding=UTF-8 -XX:+ShowCodeDetailsInExceptionMessages com.technoSignia.resumeMaker.ResumeMakerApplication --spring.output.ansi.enabled=always

Host: Intel(R) Core(TM) i5-2520M CPU @ 2.50GHz, 4 cores, 7G,  Windows 10 , 64 bit Build 19041 (10.0.19041.928)
Time: Thu May 16 23:26:55 2024 India Standard Time elapsed time: 0.109706 seconds (0d 0h 0m 0s)

---------------  T H R E A D  ---------------

Current thread (0x0000024c32a86510):  JavaThread "Unknown thread" [_thread_in_vm, id=12988, stack(0x000000c798d00000,0x000000c798e00000)]

Stack: [0x000000c798d00000,0x000000c798e00000]
Native frames: (J=compiled Java code, j=interpreted, Vv=VM code, C=native code)
V  [jvm.dll+0x67d2c9]
V  [jvm.dll+0x834afa]
V  [jvm.dll+0x8365be]
V  [jvm.dll+0x836c23]
V  [jvm.dll+0x2477ff]
V  [jvm.dll+0x67a109]
V  [jvm.dll+0x66eb7a]
V  [jvm.dll+0x30764b]
V  [jvm.dll+0x30eaf6]
V  [jvm.dll+0x35e83e]
V  [jvm.dll+0x35ea6f]
V  [jvm.dll+0x2de248]
V  [jvm.dll+0x2df1b4]
V  [jvm.dll+0x806361]
V  [jvm.dll+0x36c6f1]
V  [jvm.dll+0x7e4e06]
V  [jvm.dll+0x3eff3f]
V  [jvm.dll+0x3f1b71]
C  [jli.dll+0x528f]
C  [ucrtbase.dll+0x21bb2]
C  [KERNEL32.DLL+0x17034]
C  [ntdll.dll+0x52651]


---------------  P R O C E S S  ---------------

Threads class SMR info:
_java_thread_list=0x00007ffae5ebee98, length=0, elements={
}

Java Threads: ( => current thread )

Other Threads:
  0x0000024c32ae1af0 GCTaskThread "GC Thread#0" [stack: 0x000000c798e00000,0x000000c798f00000] [id=11972]
  0x0000024c32af26c0 ConcurrentGCThread "G1 Main Marker" [stack: 0x000000c798f00000,0x000000c799000000] [id=1820]
  0x0000024c32af3880 ConcurrentGCThread "G1 Conc#0" [stack: 0x000000c799000000,0x000000c799100000] [id=3288]

[error occurred during error reporting (printing all threads), id 0xc0000005, EXCEPTION_ACCESS_VIOLATION (0xc0000005) at pc=0x00007ffae567ec87]

VM state: not at safepoint (not fully initialized)

VM Mutex/Monitor currently owned by a thread:  ([mutex/lock_event])
[0x0000024c32a82550] Heap_lock - owner thread: 0x0000024c32a86510

Heap address: 0x0000000081c00000, size: 2020 MB, Compressed Oops mode: 32-bit

CDS archive(s) mapped at: [0x0000000000000000-0x0000000000000000-0x0000000000000000), size 0, SharedBaseAddress: 0x0000000800000000, ArchiveRelocationMode: 1.
Narrow klass base: 0x0000000000000000, Narrow klass shift: 0, Narrow klass range: 0x0

GC Precious Log:
<Empty>

Heap:
 garbage-first heap   total 0K, used 0K [0x0000000081c00000, 0x0000000100000000)
  region size 1024K, 0 young (0K), 0 survivors (0K)

[error occurred during error reporting (printing heap information), id 0xc0000005, EXCEPTION_ACCESS_VIOLATION (0xc0000005) at pc=0x00007ffae5a66fb9]

GC Heap History (0 events):
No events

Dll operation events (1 events):
Event: 0.084 Loaded shared library D:\STS\workspace_SB\spring-tool-suite-4-4.22.0.RELEASE-e4.31.0-win32.win32.x86_64.self-extracting\contents\sts-4.22.0.RELEASE\plugins\org.eclipse.justj.openjdk.hotspot.jre.full.win32.x86_64_17.0.10.v20240120-1143\jre\bin\java.dll

Deoptimization events (0 events):
No events

Classes unloaded (0 events):
No events

Classes redefined (0 events):
No events

Internal exceptions (0 events):
No events

VM Operations (0 events):
No events

Events (0 events):
No events


Dynamic libraries:
0x00007ff696090000 - 0x00007ff69609e000 	D:\STS\workspace_SB\spring-tool-suite-4-4.22.0.RELEASE-e4.31.0-win32.win32.x86_64.self-extracting\contents\sts-4.22.0.RELEASE\plugins\org.eclipse.justj.openjdk.hotspot.jre.full.win32.x86_64_17.0.10.v20240120-1143\jre\bin\javaw.exe
0x00007ffb65490000 - 0x00007ffb65685000 	C:\Windows\SYSTEM32\ntdll.dll
0x00007ffb634f0000 - 0x00007ffb635ad000 	C:\Windows\System32\KERNEL32.DLL
0x00007ffb63170000 - 0x00007ffb63438000 	C:\Windows\System32\KERNELBASE.dll
0x00007ffb62c20000 - 0x00007ffb62d20000 	C:\Windows\System32\ucrtbase.dll
0x00007ffb54b90000 - 0x00007ffb54bab000 	D:\STS\workspace_SB\spring-tool-suite-4-4.22.0.RELEASE-e4.31.0-win32.win32.x86_64.self-extracting\contents\sts-4.22.0.RELEASE\plugins\org.eclipse.justj.openjdk.hotspot.jre.full.win32.x86_64_17.0.10.v20240120-1143\jre\bin\VCRUNTIME140.dll
0x00007ffb5e270000 - 0x00007ffb5e287000 	D:\STS\workspace_SB\spring-tool-suite-4-4.22.0.RELEASE-e4.31.0-win32.win32.x86_64.self-extracting\contents\sts-4.22.0.RELEASE\plugins\org.eclipse.justj.openjdk.hotspot.jre.full.win32.x86_64_17.0.10.v20240120-1143\jre\bin\jli.dll
0x00007ffb635b0000 - 0x00007ffb63750000 	C:\Windows\System32\USER32.dll
0x00007ffb62eb0000 - 0x00007ffb62ed2000 	C:\Windows\System32\win32u.dll
0x00007ffb640b0000 - 0x00007ffb640da000 	C:\Windows\System32\GDI32.dll
0x00007ffb62da0000 - 0x00007ffb62eab000 	C:\Windows\System32\gdi32full.dll
0x00007ffb62f70000 - 0x00007ffb6300d000 	C:\Windows\System32\msvcp_win.dll
0x00007ffb4c230000 - 0x00007ffb4c4ca000 	C:\Windows\WinSxS\amd64_microsoft.windows.common-controls_6595b64144ccf1df_6.0.19041.844_none_ca00b6081b84eb1d\COMCTL32.dll
0x00007ffb64f60000 - 0x00007ffb64ffe000 	C:\Windows\System32\msvcrt.dll
0x00007ffb63bd0000 - 0x00007ffb63c00000 	C:\Windows\System32\IMM32.DLL
0x00007ffb5e6a0000 - 0x00007ffb5e6ac000 	D:\STS\workspace_SB\spring-tool-suite-4-4.22.0.RELEASE-e4.31.0-win32.win32.x86_64.self-extracting\contents\sts-4.22.0.RELEASE\plugins\org.eclipse.justj.openjdk.hotspot.jre.full.win32.x86_64_17.0.10.v20240120-1143\jre\bin\vcruntime140_1.dll
0x00007ffb3e3a0000 - 0x00007ffb3e42d000 	D:\STS\workspace_SB\spring-tool-suite-4-4.22.0.RELEASE-e4.31.0-win32.win32.x86_64.self-extracting\contents\sts-4.22.0.RELEASE\plugins\org.eclipse.justj.openjdk.hotspot.jre.full.win32.x86_64_17.0.10.v20240120-1143\jre\bin\msvcp140.dll
0x00007ffae5390000 - 0x00007ffae5ff2000 	D:\STS\workspace_SB\spring-tool-suite-4-4.22.0.RELEASE-e4.31.0-win32.win32.x86_64.self-extracting\contents\sts-4.22.0.RELEASE\plugins\org.eclipse.justj.openjdk.hotspot.jre.full.win32.x86_64_17.0.10.v20240120-1143\jre\bin\server\jvm.dll
0x00007ffb63e70000 - 0x00007ffb63f1c000 	C:\Windows\System32\ADVAPI32.dll
0x00007ffb64eb0000 - 0x00007ffb64f4b000 	C:\Windows\System32\sechost.dll
0x00007ffb65140000 - 0x00007ffb6526b000 	C:\Windows\System32\RPCRT4.dll
0x00007ffb621c0000 - 0x00007ffb6220b000 	C:\Windows\SYSTEM32\POWRPROF.dll
0x00007ffb4e810000 - 0x00007ffb4e819000 	C:\Windows\SYSTEM32\WSOCK32.dll
0x00007ffb642a0000 - 0x00007ffb6430b000 	C:\Windows\System32\WS2_32.dll
0x00007ffb4f2a0000 - 0x00007ffb4f2c7000 	C:\Windows\SYSTEM32\WINMM.dll
0x00007ffb5b090000 - 0x00007ffb5b09a000 	C:\Windows\SYSTEM32\VERSION.dll
0x00007ffb62030000 - 0x00007ffb62042000 	C:\Windows\SYSTEM32\UMPDC.dll
0x00007ffb60ad0000 - 0x00007ffb60ae2000 	C:\Windows\SYSTEM32\kernel.appcore.dll
0x00007ffb5e250000 - 0x00007ffb5e25a000 	D:\STS\workspace_SB\spring-tool-suite-4-4.22.0.RELEASE-e4.31.0-win32.win32.x86_64.self-extracting\contents\sts-4.22.0.RELEASE\plugins\org.eclipse.justj.openjdk.hotspot.jre.full.win32.x86_64_17.0.10.v20240120-1143\jre\bin\jimage.dll
0x00007ffb4f4e0000 - 0x00007ffb4f6c4000 	C:\Windows\SYSTEM32\DBGHELP.DLL
0x00007ffb4eab0000 - 0x00007ffb4eadc000 	C:\Windows\SYSTEM32\dbgcore.DLL
0x00007ffb62d20000 - 0x00007ffb62da0000 	C:\Windows\System32\bcryptPrimitives.dll
0x00007ffb54a00000 - 0x00007ffb54a25000 	D:\STS\workspace_SB\spring-tool-suite-4-4.22.0.RELEASE-e4.31.0-win32.win32.x86_64.self-extracting\contents\sts-4.22.0.RELEASE\plugins\org.eclipse.justj.openjdk.hotspot.jre.full.win32.x86_64_17.0.10.v20240120-1143\jre\bin\java.dll

dbghelp: loaded successfully - version: 4.0.5 - missing functions: none
symbol engine: initialized successfully - sym options: 0x614 - pdb path: .;D:\STS\workspace_SB\spring-tool-suite-4-4.22.0.RELEASE-e4.31.0-win32.win32.x86_64.self-extracting\contents\sts-4.22.0.RELEASE\plugins\org.eclipse.justj.openjdk.hotspot.jre.full.win32.x86_64_17.0.10.v20240120-1143\jre\bin;C:\Windows\SYSTEM32;C:\Windows\WinSxS\amd64_microsoft.windows.common-controls_6595b64144ccf1df_6.0.19041.844_none_ca00b6081b84eb1d;D:\STS\workspace_SB\spring-tool-suite-4-4.22.0.RELEASE-e4.31.0-win32.win32.x86_64.self-extracting\contents\sts-4.22.0.RELEASE\plugins\org.eclipse.justj.openjdk.hotspot.jre.full.win32.x86_64_17.0.10.v20240120-1143\jre\bin\server

VM Arguments:
jvm_args: -Dcom.sun.management.jmxremote -Dcom.sun.management.jmxremote.port=53959 -Dcom.sun.management.jmxremote.authenticate=false -Dcom.sun.management.jmxremote.ssl=false -Djava.rmi.server.hostname=localhost -Dspring.jmx.enabled=true -Dmanagement.endpoints.jmx.exposure.include=* -Dspring.application.admin.enabled=true -XX:TieredStopAtLevel=1 -Dspring.boot.project.name=Resume_Maker -Dfile.encoding=UTF-8 -Dstdout.encoding=UTF-8 -Dstderr.encoding=UTF-8 -XX:+ShowCodeDetailsInExceptionMessages 
java_command: com.technoSignia.resumeMaker.ResumeMakerApplication --spring.output.ansi.enabled=always
java_class_path (initial): D:\Technosignia\codebase\Resume_Maker\target\classes;C:\Users\Madhavi\.m2\repository\org\springframework\boot\spring-boot-starter-data-jpa\3.2.5\spring-boot-starter-data-jpa-3.2.5.jar;C:\Users\Madhavi\.m2\repository\org\springframework\boot\spring-boot-starter-aop\3.2.5\spring-boot-starter-aop-3.2.5.jar;C:\Users\Madhavi\.m2\repository\org\aspectj\aspectjweaver\1.9.22\aspectjweaver-1.9.22.jar;C:\Users\Madhavi\.m2\repository\org\springframework\boot\spring-boot-starter-jdbc\3.2.5\spring-boot-starter-jdbc-3.2.5.jar;C:\Users\Madhavi\.m2\repository\com\zaxxer\HikariCP\5.0.1\HikariCP-5.0.1.jar;C:\Users\Madhavi\.m2\repository\org\springframework\spring-jdbc\6.1.6\spring-jdbc-6.1.6.jar;C:\Users\Madhavi\.m2\repository\org\hibernate\orm\hibernate-core\6.4.4.Final\hibernate-core-6.4.4.Final.jar;C:\Users\Madhavi\.m2\repository\jakarta\persistence\jakarta.persistence-api\3.1.0\jakarta.persistence-api-3.1.0.jar;C:\Users\Madhavi\.m2\repository\jakarta\transaction\jakarta.transaction-api\2.0.1\jakarta.transaction-api-2.0.1.jar;C:\Users\Madhavi\.m2\repository\org\jboss\logging\jboss-logging\3.5.3.Final\jboss-logging-3.5.3.Final.jar;C:\Users\Madhavi\.m2\repository\org\hibernate\common\hibernate-commons-annotations\6.0.6.Final\hibernate-commons-annotations-6.0.6.Final.jar;C:\Users\Madhavi\.m2\repository\io\smallrye\jandex\3.1.2\jandex-3.1.2.jar;C:\Users\Madhavi\.m2\repository\com\fasterxml\classmate\1.6.0\classmate-1.6.0.jar;C:\Users\Madhavi\.m2\repository\net\bytebuddy\byte-buddy\1.14.13\byte-buddy-1.14.13.jar;C:\Users\Madhavi\.m2\repository\org\glassfish\jaxb\jaxb-runtime\4.0.5\jaxb-runtime-4.0.5.jar;C:\Users\Madhavi\.m2\repository\org\glassfish\jaxb\jaxb-core\4.0.5\jaxb-core-4.0.5.jar;C:\Users\Madhavi\.m2\repository\org\eclipse\angus\angus-activation\2.0.2\angus-activation-2.0.2.jar;C:\Users\Madhavi\.m2\repository\org\glassfish\jaxb\txw2\4.0.5\txw2-4.0.5.jar;C:\Users\Madhavi\.m2\repository\com\sun\istack\istack-commons-runtime\4.1.2\istack-commons-runti
Launcher Type: SUN_STANDARD

[Global flags]
     intx CICompilerCount                          = 3                                         {product} {ergonomic}
     uint ConcGCThreads                            = 1                                         {product} {ergonomic}
     uint G1ConcRefinementThreads                  = 4                                         {product} {ergonomic}
   size_t G1HeapRegionSize                         = 1048576                                   {product} {ergonomic}
    uintx GCDrainStackTargetSize                   = 64                                        {product} {ergonomic}
   size_t InitialHeapSize                          = 134217728                                 {product} {ergonomic}
     bool ManagementServer                         = true                                      {product} {command line}
   size_t MarkStackSize                            = 4194304                                   {product} {ergonomic}
   size_t MaxHeapSize                              = 2118123520                                {product} {ergonomic}
   size_t MinHeapDeltaBytes                        = 1048576                                   {product} {ergonomic}
   size_t MinHeapSize                              = 8388608                                   {product} {ergonomic}
    uintx NonProfiledCodeHeapSize                  = 0                                      {pd product} {ergonomic}
     bool ProfileInterpreter                       = false                                  {pd product} {command line}
    uintx ProfiledCodeHeapSize                     = 0                                      {pd product} {ergonomic}
     bool ShowCodeDetailsInExceptionMessages       = true                                   {manageable} {command line}
   size_t SoftMaxHeapSize                          = 2118123520                             {manageable} {ergonomic}
     intx TieredStopAtLevel                        = 1                                         {product} {command line}
     bool UseCompressedClassPointers               = true                           {product lp64_product} {ergonomic}
     bool UseCompressedOops                        = true                           {product lp64_product} {ergonomic}
     bool UseG1GC                                  = true                                      {product} {ergonomic}
     bool UseLargePagesIndividualAllocation        = false                                  {pd product} {ergonomic}

Logging:
Log output configuration:
 #0: stdout all=warning uptime,level,tags
 #1: stderr all=off uptime,level,tags

Environment Variables:
JAVA_HOME=C:\Program Files\Java\jdk1.8.0_202
PATH=D:/STS/workspace_SB/spring-tool-suite-4-4.22.0.RELEASE-e4.31.0-win32.win32.x86_64.self-extracting/contents/sts-4.22.0.RELEASE//plugins/org.eclipse.justj.openjdk.hotspot.jre.full.win32.x86_64_17.0.10.v20240120-1143/jre/bin/server;D:/STS/workspace_SB/spring-tool-suite-4-4.22.0.RELEASE-e4.31.0-win32.win32.x86_64.self-extracting/contents/sts-4.22.0.RELEASE//plugins/org.eclipse.justj.openjdk.hotspot.jre.full.win32.x86_64_17.0.10.v20240120-1143/jre/bin;C:\oraclexe\app\oracle\product\11.2.0\server\bin;C:\Program Files\Java\jdk1.8.0_202\bin;C:\Program Files\Git\cmd;C:\Program Files\Java\jdk1.8.0_202\bin;;D:\STS\workspace_SB\spring-tool-suite-4-4.22.0.RELEASE-e4.31.0-win32.win32.x86_64.self-extracting\contents\sts-4.22.0.RELEASE;
USERNAME=Madhavi
OS=Windows_NT
PROCESSOR_IDENTIFIER=Intel64 Family 6 Model 42 Stepping 7, GenuineIntel
TMP=C:\Users\Madhavi\AppData\Local\Temp
TEMP=D:\servers\Installer



Periodic native trim disabled


---------------  S Y S T E M  ---------------

OS:
 Windows 10 , 64 bit Build 19041 (10.0.19041.928)
OS uptime: 0 days 4:20 hours

CPU: total 4 (initial active 4) (2 cores per cpu, 2 threads per core) family 6 model 42 stepping 7 microcode 0x2f, cx8, cmov, fxsr, ht, mmx, sse, sse2, sse3, ssse3, sse4.1, sse4.2, popcnt, tsc, tscinvbit, avx, aes, clmul, vzeroupper, clflush
Processor Information for all 4 processors :
  Max Mhz: 2501, Current Mhz: 2501, Mhz Limit: 2501

Memory: 4k page, system-wide physical 8072M (533M free)
TotalPageFile size 8072M (AvailPageFile size 74M)
current process WorkingSet (physical memory assigned to process): 10M, peak: 10M
current process commit charge ("private bytes"): 47M, peak: 174M

vm_info: OpenJDK 64-Bit Server VM (17.0.10+7) for windows-amd64 JRE (17.0.10+7), built on Jan 16 2024 23:25:11 by "admin" with MS VC++ 16.10 / 16.11 (VS2019)

END.
